<?xml version="1.0" encoding="UTF-8"?>
<!-- Generated by org.testng.reporters.JUnitReportReporter -->
<testsuite hostname="LAPTOP-VUBQFE7P" failures="0" tests="6" name="com.cucumber.step_definitions.RunnerTest" time="3.182" errors="0" timestamp="2023-03-06T19:40:45 WIB" skipped="0">
  <testcase classname="com.cucumber.step_definitions.RunnerTest" name="runScenario" time="1.859"/>
  <system-out/>
  <testcase classname="com.cucumber.step_definitions.RunnerTest" name="runScenario" time="0.188"/>
  <system-out/>
  <testcase classname="com.cucumber.step_definitions.RunnerTest" name="runScenario" time="0.405"/>
  <system-out/>
  <testcase classname="com.cucumber.step_definitions.RunnerTest" name="runScenario" time="0.270"/>
  <system-out/>
  <testcase classname="com.cucumber.step_definitions.RunnerTest" name="runScenario" time="0.280"/>
  <system-out/>
  <testcase classname="com.cucumber.step_definitions.RunnerTest" name="runScenario" time="0.180"/>
  <system-out/>
</testsuite> <!-- com.cucumber.step_definitions.RunnerTest -->
